# JRE version: OpenJDK Runtime Environment (8.0_152-b06) (build 1.8.0_152-release-1136-b06)
# Java VM: OpenJDK 64-Bit Server VM (25.152-b06 mixed mode windows-amd64 compressed oops)
Heap:
 PSYoungGen      total 241152K, used 99163K [0x00000000e0000000, 0x00000000f2a80000, 0x0000000100000000)
  eden space 189952K, 43% used [0x00000000e0000000,0x00000000e51063e8,0x00000000eb980000)
  from space 51200K, 31% used [0x00000000eb980000,0x00000000ec950838,0x00000000eeb80000)
  to   space 49152K, 0% used [0x00000000efa80000,0x00000000efa80000,0x00000000f2a80000)
 ParOldGen       total 157696K, used 77908K [0x00000000a0000000, 0x00000000a9a00000, 0x00000000e0000000)
  object space 157696K, 49% used [0x00000000a0000000,0x00000000a4c151d8,0x00000000a9a00000)
 Metaspace       used 123948K, capacity 131180K, committed 132608K, reserved 1165312K
  class space    used 15657K, capacity 17141K, committed 17408K, reserved 1048576K
GC Heap History (10 events):
Event: 19402.999 GC heap before
{Heap before GC invocations=58 (full 4):
 PSYoungGen      total 204288K, used 194507K [0x00000000e0000000, 0x00000000f1700000, 0x0000000100000000)
  eden space 152576K, 100% used [0x00000000e0000000,0x00000000e9500000,0x00000000e9500000)
  from space 51712K, 81% used [0x00000000e9500000,0x00000000ebdf2e90,0x00000000ec780000)
  to   space 56320K, 0% used [0x00000000ee000000,0x00000000ee000000,0x00000000f1700000)
 ParOldGen       total 102400K, used 63405K [0x00000000a0000000, 0x00000000a6400000, 0x00000000e0000000)
  object space 102400K, 61% used [0x00000000a0000000,0x00000000a3deb7b0,0x00000000a6400000)
 Metaspace       used 118379K, capacity 125348K, committed 125696K, reserved 1159168K
  class space    used 15035K, capacity 16357K, committed 16384K, reserved 1048576K
Event: 19403.180 GC heap after
Heap after GC invocations=58 (full 4):
 PSYoungGen      total 221184K, used 17041K [0x00000000e0000000, 0x00000000f1100000, 0x0000000100000000)
  eden space 171008K, 0% used [0x00000000e0000000,0x00000000e0000000,0x00000000ea700000)
  from space 50176K, 33% used [0x00000000ee000000,0x00000000ef0a45c8,0x00000000f1100000)
  to   space 54272K, 0% used [0x00000000ea700000,0x00000000ea700000,0x00000000edc00000)
 ParOldGen       total 102400K, used 77987K [0x00000000a0000000, 0x00000000a6400000, 0x00000000e0000000)
  object space 102400K, 76% used [0x00000000a0000000,0x00000000a4c28ee0,0x00000000a6400000)
 Metaspace       used 118379K, capacity 125348K, committed 125696K, reserved 1159168K
  class space    used 15035K, capacity 16357K, committed 16384K, reserved 1048576K
}
Event: 19411.397 GC heap before
{Heap before GC invocations=59 (full 4):
 PSYoungGen      total 221184K, used 188049K [0x00000000e0000000, 0x00000000f1100000, 0x0000000100000000)
  eden space 171008K, 100% used [0x00000000e0000000,0x00000000ea700000,0x00000000ea700000)
  from space 50176K, 33% used [0x00000000ee000000,0x00000000ef0a45c8,0x00000000f1100000)
  to   space 54272K, 0% used [0x00000000ea700000,0x00000000ea700000,0x00000000edc00000)
 ParOldGen       total 102400K, used 77987K [0x00000000a0000000, 0x00000000a6400000, 0x00000000e0000000)
  object space 102400K, 76% used [0x00000000a0000000,0x00000000a4c28ee0,0x00000000a6400000)
 Metaspace       used 120119K, capacity 127530K, committed 127872K, reserved 1161216K
  class space    used 15224K, capacity 16650K, committed 16768K, reserved 1048576K
Event: 19411.471 GC heap after
Heap after GC invocations=59 (full 4):
 PSYoungGen      total 225280K, used 17816K [0x00000000e0000000, 0x00000000f1e80000, 0x0000000100000000)
  eden space 171008K, 0% used [0x00000000e0000000,0x00000000e0000000,0x00000000ea700000)
  from space 54272K, 32% used [0x00000000ea700000,0x00000000eb866300,0x00000000edc00000)
  to   space 51712K, 0% used [0x00000000eec00000,0x00000000eec00000,0x00000000f1e80000)
 ParOldGen       total 102400K, used 89052K [0x00000000a0000000, 0x00000000a6400000, 0x00000000e0000000)
  object space 102400K, 86% used [0x00000000a0000000,0x00000000a56f7200,0x00000000a6400000)
 Metaspace       used 120119K, capacity 127530K, committed 127872K, reserved 1161216K
  class space    used 15224K, capacity 16650K, committed 16768K, reserved 1048576K
}
Event: 19411.471 GC heap before
{Heap before GC invocations=60 (full 5):
 PSYoungGen      total 225280K, used 17816K [0x00000000e0000000, 0x00000000f1e80000, 0x0000000100000000)
  eden space 171008K, 0% used [0x00000000e0000000,0x00000000e0000000,0x00000000ea700000)
  from space 54272K, 32% used [0x00000000ea700000,0x00000000eb866300,0x00000000edc00000)
  to   space 51712K, 0% used [0x00000000eec00000,0x00000000eec00000,0x00000000f1e80000)
 ParOldGen       total 102400K, used 89052K [0x00000000a0000000, 0x00000000a6400000, 0x00000000e0000000)
  object space 102400K, 86% used [0x00000000a0000000,0x00000000a56f7200,0x00000000a6400000)
 Metaspace       used 120119K, capacity 127530K, committed 127872K, reserved 1161216K
  class space    used 15224K, capacity 16650K, committed 16768K, reserved 1048576K
Event: 19411.924 GC heap after
Heap after GC invocations=60 (full 5):
 PSYoungGen      total 225280K, used 0K [0x00000000e0000000, 0x00000000f1e80000, 0x0000000100000000)
  eden space 171008K, 0% used [0x00000000e0000000,0x00000000e0000000,0x00000000ea700000)
  from space 54272K, 0% used [0x00000000ea700000,0x00000000ea700000,0x00000000edc00000)
  to   space 51712K, 0% used [0x00000000eec00000,0x00000000eec00000,0x00000000f1e80000)
 ParOldGen       total 157696K, used 77892K [0x00000000a0000000, 0x00000000a9a00000, 0x00000000e0000000)
  object space 157696K, 49% used [0x00000000a0000000,0x00000000a4c111d8,0x00000000a9a00000)
 Metaspace       used 118362K, capacity 124826K, committed 127872K, reserved 1161216K
  class space    used 14922K, capacity 16166K, committed 16768K, reserved 1048576K
}
Event: 23429.289 GC heap before
{Heap before GC invocations=61 (full 5):
 PSYoungGen      total 225280K, used 171008K [0x00000000e0000000, 0x00000000f1e80000, 0x0000000100000000)
  eden space 171008K, 100% used [0x00000000e0000000,0x00000000ea700000,0x00000000ea700000)
  from space 54272K, 0% used [0x00000000ea700000,0x00000000ea700000,0x00000000edc00000)
  to   space 51712K, 0% used [0x00000000eec00000,0x00000000eec00000,0x00000000f1e80000)
 ParOldGen       total 157696K, used 77892K [0x00000000a0000000, 0x00000000a9a00000, 0x00000000e0000000)
  object space 157696K, 49% used [0x00000000a0000000,0x00000000a4c111d8,0x00000000a9a00000)
 Metaspace       used 118805K, capacity 125440K, committed 127872K, reserved 1161216K
  class space    used 14994K, capacity 16307K, committed 16768K, reserved 1048576K
Event: 23429.458 GC heap after
Heap after GC invocations=61 (full 5):
 PSYoungGen      total 240640K, used 8432K [0x00000000e0000000, 0x00000000f1d80000, 0x0000000100000000)
  eden space 189952K, 0% used [0x00000000e0000000,0x00000000e0000000,0x00000000eb980000)
  from space 50688K, 16% used [0x00000000eec00000,0x00000000ef43c030,0x00000000f1d80000)
  to   space 51200K, 0% used [0x00000000eb980000,0x00000000eb980000,0x00000000eeb80000)
 ParOldGen       total 157696K, used 77900K [0x00000000a0000000, 0x00000000a9a00000, 0x00000000e0000000)
  object space 157696K, 49% used [0x00000000a0000000,0x00000000a4c131d8,0x00000000a9a00000)
 Metaspace       used 118805K, capacity 125440K, committed 127872K, reserved 1161216K
  class space    used 14994K, capacity 16307K, committed 16768K, reserved 1048576K
}
Event: 24173.606 GC heap before
{Heap before GC invocations=62 (full 5):
 PSYoungGen      total 240640K, used 198384K [0x00000000e0000000, 0x00000000f1d80000, 0x0000000100000000)
  eden space 189952K, 100% used [0x00000000e0000000,0x00000000eb980000,0x00000000eb980000)
  from space 50688K, 16% used [0x00000000eec00000,0x00000000ef43c030,0x00000000f1d80000)
  to   space 51200K, 0% used [0x00000000eb980000,0x00000000eb980000,0x00000000eeb80000)
 ParOldGen       total 157696K, used 77900K [0x00000000a0000000, 0x00000000a9a00000, 0x00000000e0000000)
  object space 157696K, 49% used [0x00000000a0000000,0x00000000a4c131d8,0x00000000a9a00000)
 Metaspace       used 123852K, capacity 131104K, committed 132608K, reserved 1165312K
  class space    used 15644K, capacity 17129K, committed 17408K, reserved 1048576K
Event: 24174.195 GC heap after
Heap after GC invocations=62 (full 5):
 PSYoungGen      total 241152K, used 16194K [0x00000000e0000000, 0x00000000f2a80000, 0x0000000100000000)
  eden space 189952K, 0% used [0x00000000e0000000,0x00000000e0000000,0x00000000eb980000)
  from space 51200K, 31% used [0x00000000eb980000,0x00000000ec950838,0x00000000eeb80000)
  to   space 49152K, 0% used [0x00000000efa80000,0x00000000efa80000,0x00000000f2a80000)
 ParOldGen       total 157696K, used 77908K [0x00000000a0000000, 0x00000000a9a00000, 0x00000000e0000000)
  object space 157696K, 49% used [0x00000000a0000000,0x00000000a4c151d8,0x00000000a9a00000)
 Metaspace       used 123852K, capacity 131104K, committed 132608K, reserved 1165312K
  class space    used 15644K, capacity 17129K, committed 17408K, reserved 1048576K
}

